<?xml version="1.0" encoding="UTF-8"?>
<!-- Generated by org.testng.reporters.JUnitReportReporter -->
<testsuite hostname="DESKTOP-U1VNJ3I" failures="0" tests="1" name="libraryAPI.LibraryApi" time="4.602" errors="0" timestamp="2023-03-08T18:46:15 IST" skipped="0">
  <testcase classname="libraryAPI.LibraryApi" name="LibraryEndtoEndTest" time="4.602"/>
  <system-out/>
</testsuite> <!-- libraryAPI.LibraryApi -->
